<?xml version="1.0" encoding="UTF-8"?>
<!-- Generated by org.testng.reporters.JUnitReportReporter -->
<testsuite skipped="0" hostname="QT-INBG-LT0313" name="Resources.ValidateTitle" tests="1" failures="0" timestamp="2021-01-04T13:27:48 IST" time="0.569" errors="0">
  <testcase name="validateTitle" time="0.569" classname="Resources.ValidateTitle"/>
  <system-out/>
</testsuite> <!-- Resources.ValidateTitle -->
