<?xml version="1.0" encoding="UTF-8"?>
<!-- Generated by org.testng.reporters.JUnitReportReporter -->
<testsuite skipped="0" hostname="QT-INBG-LT0313" name="Resources.BaseTest" tests="2" failures="0" timestamp="2021-01-04T12:38:38 IST" time="12.076" errors="0">
  <testcase name="basePageNavigation" time="2.152" classname="Resources.BaseTest"/>
  <system-out/>
  <testcase name="basePageNavigation" time="9.924" classname="Resources.BaseTest"/>
  <system-out/>
</testsuite> <!-- Resources.BaseTest -->
