<?xml version="1.0" encoding="UTF-8"?>
<!-- Generated by org.testng.reporters.JUnitReportReporter -->
<testsuite hostname="QT-INBG-LT0313" name="Resources.ValidateTitle" tests="1" failures="0" timestamp="4 Jan 2021 08:02:48 GMT" time="0.440" errors="0">
  <testcase name="validateTitle" time="0.440" classname="Resources.ValidateTitle"/>
</testsuite> <!-- Resources.ValidateTitle -->
