<?xml version="1.0" encoding="UTF-8"?>
<!-- Generated by org.testng.reporters.JUnitReportReporter -->
<testsuite hostname="QT-INBG-LT0313" name="Resources.BaseTest" tests="2" failures="0" timestamp="4 Jan 2021 08:02:48 GMT" time="17.689" errors="0">
  <testcase name="basePageNavigation" time="14.220" classname="Resources.BaseTest"/>
  <testcase name="basePageNavigation" time="3.469" classname="Resources.BaseTest"/>
</testsuite> <!-- Resources.BaseTest -->
